{"/workspaces/skillnet-exam-server/src/controllers/exam.controller.js": {"path":"/workspaces/skillnet-exam-server/src/controllers/exam.controller.js","statementMap":{"0":{"start":{"line":9,"column":17},"end":{"line":28,"column":2}},"1":{"start":{"line":10,"column":23},"end":{"line":10,"column":32}},"2":{"start":{"line":12,"column":22},"end":{"line":12,"column":24}},"3":{"start":{"line":13,"column":2},"end":{"line":15,"column":3}},"4":{"start":{"line":14,"column":4},"end":{"line":14,"column":36}},"5":{"start":{"line":17,"column":16},"end":{"line":25,"column":4}},"6":{"start":{"line":27,"column":2},"end":{"line":27,"column":30}},"7":{"start":{"line":33,"column":20},"end":{"line":54,"column":2}},"8":{"start":{"line":34,"column":15},"end":{"line":46,"column":4}},"9":{"start":{"line":48,"column":2},"end":{"line":51,"column":3}},"10":{"start":{"line":49,"column":4},"end":{"line":49,"column":20}},"11":{"start":{"line":50,"column":4},"end":{"line":50,"column":38}},"12":{"start":{"line":53,"column":2},"end":{"line":53,"column":29}},"13":{"start":{"line":59,"column":27},"end":{"line":73,"column":2}},"14":{"start":{"line":60,"column":23},"end":{"line":60,"column":33}},"15":{"start":{"line":62,"column":16},"end":{"line":70,"column":4}},"16":{"start":{"line":72,"column":2},"end":{"line":72,"column":30}},"17":{"start":{"line":78,"column":19},"end":{"line":124,"column":2}},"18":{"start":{"line":79,"column":2},"end":{"line":123,"column":3}},"19":{"start":{"line":80,"column":19},"end":{"line":80,"column":40}},"20":{"start":{"line":81,"column":4},"end":{"line":83,"column":5}},"21":{"start":{"line":82,"column":6},"end":{"line":82,"column":62}},"22":{"start":{"line":86,"column":4},"end":{"line":90,"column":5}},"23":{"start":{"line":87,"column":6},"end":{"line":87,"column":41}},"24":{"start":{"line":89,"column":6},"end":{"line":89,"column":72}},"25":{"start":{"line":92,"column":4},"end":{"line":114,"column":5}},"26":{"start":{"line":93,"column":6},"end":{"line":108,"column":7}},"27":{"start":{"line":94,"column":8},"end":{"line":107,"column":9}},"28":{"start":{"line":95,"column":34},"end":{"line":98,"column":12}},"29":{"start":{"line":99,"column":10},"end":{"line":106,"column":11}},"30":{"start":{"line":100,"column":12},"end":{"line":105,"column":13}},"31":{"start":{"line":101,"column":14},"end":{"line":104,"column":17}},"32":{"start":{"line":110,"column":6},"end":{"line":112,"column":7}},"33":{"start":{"line":111,"column":8},"end":{"line":111,"column":29}},"34":{"start":{"line":113,"column":6},"end":{"line":113,"column":72}},"35":{"start":{"line":116,"column":24},"end":{"line":118,"column":6}},"36":{"start":{"line":120,"column":4},"end":{"line":120,"column":38}},"37":{"start":{"line":122,"column":4},"end":{"line":122,"column":63}},"38":{"start":{"line":129,"column":19},"end":{"line":179,"column":2}},"39":{"start":{"line":130,"column":15},"end":{"line":130,"column":49}},"40":{"start":{"line":132,"column":2},"end":{"line":135,"column":3}},"41":{"start":{"line":133,"column":4},"end":{"line":133,"column":20}},"42":{"start":{"line":134,"column":4},"end":{"line":134,"column":38}},"43":{"start":{"line":150,"column":6},"end":{"line":150,"column":14}},"44":{"start":{"line":153,"column":2},"end":{"line":166,"column":5}},"45":{"start":{"line":169,"column":22},"end":{"line":176,"column":4}},"46":{"start":{"line":178,"column":2},"end":{"line":178,"column":36}},"47":{"start":{"line":184,"column":19},"end":{"line":205,"column":2}},"48":{"start":{"line":185,"column":15},"end":{"line":185,"column":49}},"49":{"start":{"line":187,"column":2},"end":{"line":190,"column":3}},"50":{"start":{"line":188,"column":4},"end":{"line":188,"column":20}},"51":{"start":{"line":189,"column":4},"end":{"line":189,"column":38}},"52":{"start":{"line":193,"column":20},"end":{"line":193,"column":74}},"53":{"start":{"line":195,"column":2},"end":{"line":197,"column":3}},"54":{"start":{"line":196,"column":4},"end":{"line":196,"column":65}},"55":{"start":{"line":199,"column":2},"end":{"line":199,"column":57}},"56":{"start":{"line":202,"column":2},"end":{"line":202,"column":23}},"57":{"start":{"line":204,"column":2},"end":{"line":204,"column":46}}},"fnMap":{"0":{"name":"(anonymous_0)","decl":{"start":{"line":9,"column":30},"end":{"line":9,"column":31}},"loc":{"start":{"line":9,"column":50},"end":{"line":28,"column":1}},"line":9},"1":{"name":"(anonymous_1)","decl":{"start":{"line":33,"column":33},"end":{"line":33,"column":34}},"loc":{"start":{"line":33,"column":53},"end":{"line":54,"column":1}},"line":33},"2":{"name":"(anonymous_2)","decl":{"start":{"line":59,"column":40},"end":{"line":59,"column":41}},"loc":{"start":{"line":59,"column":60},"end":{"line":73,"column":1}},"line":59},"3":{"name":"(anonymous_3)","decl":{"start":{"line":78,"column":32},"end":{"line":78,"column":33}},"loc":{"start":{"line":78,"column":58},"end":{"line":124,"column":1}},"line":78},"4":{"name":"(anonymous_4)","decl":{"start":{"line":129,"column":32},"end":{"line":129,"column":33}},"loc":{"start":{"line":129,"column":52},"end":{"line":179,"column":1}},"line":129},"5":{"name":"(anonymous_5)","decl":{"start":{"line":184,"column":32},"end":{"line":184,"column":33}},"loc":{"start":{"line":184,"column":52},"end":{"line":205,"column":1}},"line":184}},"branchMap":{"0":{"loc":{"start":{"line":13,"column":2},"end":{"line":15,"column":3}},"type":"if","locations":[{"start":{"line":13,"column":2},"end":{"line":15,"column":3}},{"start":{},"end":{}}],"line":13},"1":{"loc":{"start":{"line":48,"column":2},"end":{"line":51,"column":3}},"type":"if","locations":[{"start":{"line":48,"column":2},"end":{"line":51,"column":3}},{"start":{},"end":{}}],"line":48},"2":{"loc":{"start":{"line":81,"column":4},"end":{"line":83,"column":5}},"type":"if","locations":[{"start":{"line":81,"column":4},"end":{"line":83,"column":5}},{"start":{},"end":{}}],"line":81},"3":{"loc":{"start":{"line":93,"column":6},"end":{"line":108,"column":7}},"type":"if","locations":[{"start":{"line":93,"column":6},"end":{"line":108,"column":7}},{"start":{},"end":{}}],"line":93},"4":{"loc":{"start":{"line":93,"column":10},"end":{"line":93,"column":98}},"type":"binary-expr","locations":[{"start":{"line":93,"column":10},"end":{"line":93,"column":28}},{"start":{"line":93,"column":32},"end":{"line":93,"column":65}},{"start":{"line":93,"column":69},"end":{"line":93,"column":98}}],"line":93},"5":{"loc":{"start":{"line":99,"column":10},"end":{"line":106,"column":11}},"type":"if","locations":[{"start":{"line":99,"column":10},"end":{"line":106,"column":11}},{"start":{},"end":{}}],"line":99},"6":{"loc":{"start":{"line":99,"column":14},"end":{"line":99,"column":96}},"type":"binary-expr","locations":[{"start":{"line":99,"column":14},"end":{"line":99,"column":30}},{"start":{"line":99,"column":34},"end":{"line":99,"column":65}},{"start":{"line":99,"column":69},"end":{"line":99,"column":96}}],"line":99},"7":{"loc":{"start":{"line":110,"column":6},"end":{"line":112,"column":7}},"type":"if","locations":[{"start":{"line":110,"column":6},"end":{"line":112,"column":7}},{"start":{},"end":{}}],"line":110},"8":{"loc":{"start":{"line":110,"column":10},"end":{"line":110,"column":52}},"type":"binary-expr","locations":[{"start":{"line":110,"column":10},"end":{"line":110,"column":14}},{"start":{"line":110,"column":18},"end":{"line":110,"column":52}}],"line":110},"9":{"loc":{"start":{"line":132,"column":2},"end":{"line":135,"column":3}},"type":"if","locations":[{"start":{"line":132,"column":2},"end":{"line":135,"column":3}},{"start":{},"end":{}}],"line":132},"10":{"loc":{"start":{"line":154,"column":10},"end":{"line":154,"column":27}},"type":"binary-expr","locations":[{"start":{"line":154,"column":10},"end":{"line":154,"column":14}},{"start":{"line":154,"column":18},"end":{"line":154,"column":27}}],"line":154},"11":{"loc":{"start":{"line":155,"column":17},"end":{"line":155,"column":48}},"type":"binary-expr","locations":[{"start":{"line":155,"column":17},"end":{"line":155,"column":28}},{"start":{"line":155,"column":32},"end":{"line":155,"column":48}}],"line":155},"12":{"loc":{"start":{"line":156,"column":14},"end":{"line":156,"column":39}},"type":"binary-expr","locations":[{"start":{"line":156,"column":14},"end":{"line":156,"column":22}},{"start":{"line":156,"column":26},"end":{"line":156,"column":39}}],"line":156},"13":{"loc":{"start":{"line":157,"column":10},"end":{"line":157,"column":27}},"type":"binary-expr","locations":[{"start":{"line":157,"column":10},"end":{"line":157,"column":14}},{"start":{"line":157,"column":18},"end":{"line":157,"column":27}}],"line":157},"14":{"loc":{"start":{"line":158,"column":14},"end":{"line":158,"column":39}},"type":"binary-expr","locations":[{"start":{"line":158,"column":14},"end":{"line":158,"column":22}},{"start":{"line":158,"column":26},"end":{"line":158,"column":39}}],"line":158},"15":{"loc":{"start":{"line":159,"column":19},"end":{"line":159,"column":83}},"type":"cond-expr","locations":[{"start":{"line":159,"column":49},"end":{"line":159,"column":62}},{"start":{"line":159,"column":65},"end":{"line":159,"column":83}}],"line":159},"16":{"loc":{"start":{"line":160,"column":18},"end":{"line":160,"column":51}},"type":"binary-expr","locations":[{"start":{"line":160,"column":18},"end":{"line":160,"column":30}},{"start":{"line":160,"column":34},"end":{"line":160,"column":51}}],"line":160},"17":{"loc":{"start":{"line":161,"column":12},"end":{"line":161,"column":33}},"type":"binary-expr","locations":[{"start":{"line":161,"column":12},"end":{"line":161,"column":18}},{"start":{"line":161,"column":22},"end":{"line":161,"column":33}}],"line":161},"18":{"loc":{"start":{"line":162,"column":19},"end":{"line":162,"column":54}},"type":"binary-expr","locations":[{"start":{"line":162,"column":19},"end":{"line":162,"column":32}},{"start":{"line":162,"column":36},"end":{"line":162,"column":54}}],"line":162},"19":{"loc":{"start":{"line":163,"column":14},"end":{"line":163,"column":39}},"type":"binary-expr","locations":[{"start":{"line":163,"column":14},"end":{"line":163,"column":22}},{"start":{"line":163,"column":26},"end":{"line":163,"column":39}}],"line":163},"20":{"loc":{"start":{"line":164,"column":11},"end":{"line":164,"column":30}},"type":"binary-expr","locations":[{"start":{"line":164,"column":11},"end":{"line":164,"column":16}},{"start":{"line":164,"column":20},"end":{"line":164,"column":30}}],"line":164},"21":{"loc":{"start":{"line":165,"column":18},"end":{"line":165,"column":51}},"type":"binary-expr","locations":[{"start":{"line":165,"column":18},"end":{"line":165,"column":30}},{"start":{"line":165,"column":34},"end":{"line":165,"column":51}}],"line":165},"22":{"loc":{"start":{"line":187,"column":2},"end":{"line":190,"column":3}},"type":"if","locations":[{"start":{"line":187,"column":2},"end":{"line":190,"column":3}},{"start":{},"end":{}}],"line":187}},"s":{"0":1,"1":3,"2":3,"3":3,"4":1,"5":3,"6":3,"7":1,"8":0,"9":0,"10":0,"11":0,"12":0,"13":1,"14":0,"15":0,"16":0,"17":1,"18":6,"19":6,"20":6,"21":1,"22":5,"23":5,"24":1,"25":4,"26":4,"27":2,"28":2,"29":1,"30":1,"31":2,"32":1,"33":1,"34":1,"35":3,"36":3,"37":0,"38":1,"39":3,"40":3,"41":0,"42":0,"43":3,"44":3,"45":3,"46":3,"47":1,"48":2,"49":2,"50":1,"51":1,"52":1,"53":1,"54":1,"55":1,"56":1,"57":1},"f":{"0":3,"1":0,"2":0,"3":6,"4":3,"5":2},"b":{"0":[1,2],"1":[0,0],"2":[1,5],"3":[2,2],"4":[4,3,3],"5":[1,0],"6":[1,1,1],"7":[1,0],"8":[1,1],"9":[0,3],"10":[3,0],"11":[3,3],"12":[3,3],"13":[3,3],"14":[3,3],"15":[0,3],"16":[3,3],"17":[3,3],"18":[3,3],"19":[3,3],"20":[3,3],"21":[3,3],"22":[1,1]},"inputSourceMap":null,"_coverageSchema":"1a1c01bbd47fc00a2c39e90264f33305004495a9","hash":"43912465b797e1a1dc163834a85422415d611cca"}
,"/workspaces/skillnet-exam-server/src/controllers/user.controller.js": {"path":"/workspaces/skillnet-exam-server/src/controllers/user.controller.js","statementMap":{"0":{"start":{"line":6,"column":23},"end":{"line":17,"column":2}},"1":{"start":{"line":7,"column":15},"end":{"line":9,"column":4}},"2":{"start":{"line":11,"column":2},"end":{"line":14,"column":3}},"3":{"start":{"line":12,"column":4},"end":{"line":12,"column":20}},"4":{"start":{"line":13,"column":4},"end":{"line":13,"column":38}},"5":{"start":{"line":16,"column":2},"end":{"line":16,"column":29}},"6":{"start":{"line":21,"column":26},"end":{"line":53,"column":2}},"7":{"start":{"line":22,"column":2},"end":{"line":52,"column":3}},"8":{"start":{"line":23,"column":4},"end":{"line":26,"column":5}},"9":{"start":{"line":24,"column":6},"end":{"line":24,"column":22}},"10":{"start":{"line":25,"column":6},"end":{"line":25,"column":63}},"11":{"start":{"line":27,"column":17},"end":{"line":27,"column":49}},"12":{"start":{"line":29,"column":4},"end":{"line":32,"column":5}},"13":{"start":{"line":30,"column":6},"end":{"line":30,"column":22}},"14":{"start":{"line":31,"column":6},"end":{"line":31,"column":40}},"15":{"start":{"line":34,"column":32},"end":{"line":34,"column":40}},"16":{"start":{"line":37,"column":4},"end":{"line":37,"column":43}},"17":{"start":{"line":37,"column":18},"end":{"line":37,"column":43}},"18":{"start":{"line":38,"column":4},"end":{"line":38,"column":34}},"19":{"start":{"line":38,"column":15},"end":{"line":38,"column":34}},"20":{"start":{"line":40,"column":4},"end":{"line":40,"column":22}},"21":{"start":{"line":42,"column":4},"end":{"line":48,"column":7}},"22":{"start":{"line":50,"column":4},"end":{"line":50,"column":20}},"23":{"start":{"line":51,"column":4},"end":{"line":51,"column":69}},"24":{"start":{"line":57,"column":24},"end":{"line":69,"column":2}},"25":{"start":{"line":58,"column":15},"end":{"line":61,"column":4}},"26":{"start":{"line":63,"column":2},"end":{"line":66,"column":3}},"27":{"start":{"line":64,"column":4},"end":{"line":64,"column":20}},"28":{"start":{"line":65,"column":4},"end":{"line":65,"column":38}},"29":{"start":{"line":68,"column":2},"end":{"line":68,"column":29}},"30":{"start":{"line":73,"column":17},"end":{"line":79,"column":2}},"31":{"start":{"line":74,"column":16},"end":{"line":76,"column":4}},"32":{"start":{"line":78,"column":2},"end":{"line":78,"column":30}}},"fnMap":{"0":{"name":"(anonymous_0)","decl":{"start":{"line":6,"column":36},"end":{"line":6,"column":37}},"loc":{"start":{"line":6,"column":56},"end":{"line":17,"column":1}},"line":6},"1":{"name":"(anonymous_1)","decl":{"start":{"line":21,"column":39},"end":{"line":21,"column":40}},"loc":{"start":{"line":21,"column":59},"end":{"line":53,"column":1}},"line":21},"2":{"name":"(anonymous_2)","decl":{"start":{"line":57,"column":37},"end":{"line":57,"column":38}},"loc":{"start":{"line":57,"column":57},"end":{"line":69,"column":1}},"line":57},"3":{"name":"(anonymous_3)","decl":{"start":{"line":73,"column":30},"end":{"line":73,"column":31}},"loc":{"start":{"line":73,"column":50},"end":{"line":79,"column":1}},"line":73}},"branchMap":{"0":{"loc":{"start":{"line":11,"column":2},"end":{"line":14,"column":3}},"type":"if","locations":[{"start":{"line":11,"column":2},"end":{"line":14,"column":3}},{"start":{},"end":{}}],"line":11},"1":{"loc":{"start":{"line":23,"column":4},"end":{"line":26,"column":5}},"type":"if","locations":[{"start":{"line":23,"column":4},"end":{"line":26,"column":5}},{"start":{},"end":{}}],"line":23},"2":{"loc":{"start":{"line":29,"column":4},"end":{"line":32,"column":5}},"type":"if","locations":[{"start":{"line":29,"column":4},"end":{"line":32,"column":5}},{"start":{},"end":{}}],"line":29},"3":{"loc":{"start":{"line":37,"column":4},"end":{"line":37,"column":43}},"type":"if","locations":[{"start":{"line":37,"column":4},"end":{"line":37,"column":43}},{"start":{},"end":{}}],"line":37},"4":{"loc":{"start":{"line":38,"column":4},"end":{"line":38,"column":34}},"type":"if","locations":[{"start":{"line":38,"column":4},"end":{"line":38,"column":34}},{"start":{},"end":{}}],"line":38},"5":{"loc":{"start":{"line":63,"column":2},"end":{"line":66,"column":3}},"type":"if","locations":[{"start":{"line":63,"column":2},"end":{"line":66,"column":3}},{"start":{},"end":{}}],"line":63}},"s":{"0":1,"1":2,"2":2,"3":1,"4":1,"5":1,"6":1,"7":4,"8":4,"9":1,"10":1,"11":3,"12":3,"13":0,"14":0,"15":3,"16":3,"17":3,"18":3,"19":2,"20":3,"21":2,"22":1,"23":1,"24":1,"25":2,"26":2,"27":1,"28":1,"29":1,"30":1,"31":1,"32":1},"f":{"0":2,"1":4,"2":2,"3":1},"b":{"0":[1,1],"1":[1,3],"2":[0,3],"3":[3,0],"4":[2,1],"5":[1,1]},"inputSourceMap":null,"_coverageSchema":"1a1c01bbd47fc00a2c39e90264f33305004495a9","hash":"695764136b3c0b79fc41073892d4eb6a7dd9465b"}
}
