TN:
SF:src/controllers/exam.controller.js
FN:9,(anonymous_0)
FN:33,(anonymous_1)
FN:59,(anonymous_2)
FN:78,(anonymous_3)
FN:129,(anonymous_4)
FN:184,(anonymous_5)
FNF:6
FNH:4
FNDA:3,(anonymous_0)
FNDA:0,(anonymous_1)
FNDA:0,(anonymous_2)
FNDA:6,(anonymous_3)
FNDA:3,(anonymous_4)
FNDA:2,(anonymous_5)
DA:9,1
DA:10,3
DA:12,3
DA:13,3
DA:14,1
DA:17,3
DA:27,3
DA:33,1
DA:34,0
DA:48,0
DA:49,0
DA:50,0
DA:53,0
DA:59,1
DA:60,0
DA:62,0
DA:72,0
DA:78,1
DA:79,6
DA:80,6
DA:81,6
DA:82,1
DA:86,5
DA:87,5
DA:89,1
DA:92,4
DA:93,4
DA:94,2
DA:95,2
DA:99,1
DA:100,1
DA:101,2
DA:110,1
DA:111,1
DA:113,1
DA:116,3
DA:120,3
DA:122,0
DA:129,1
DA:130,3
DA:132,3
DA:133,0
DA:134,0
DA:150,3
DA:153,3
DA:169,3
DA:178,3
DA:184,1
DA:185,2
DA:187,2
DA:188,1
DA:189,1
DA:193,1
DA:195,1
DA:196,1
DA:199,1
DA:202,1
DA:204,1
LF:58
LH:47
BRDA:13,0,0,1
BRDA:13,0,1,2
BRDA:48,1,0,0
BRDA:48,1,1,0
BRDA:81,2,0,1
BRDA:81,2,1,5
BRDA:93,3,0,2
BRDA:93,3,1,2
BRDA:93,4,0,4
BRDA:93,4,1,3
BRDA:93,4,2,3
BRDA:99,5,0,1
BRDA:99,5,1,0
BRDA:99,6,0,1
BRDA:99,6,1,1
BRDA:99,6,2,1
BRDA:110,7,0,1
BRDA:110,7,1,0
BRDA:110,8,0,1
BRDA:110,8,1,1
BRDA:132,9,0,0
BRDA:132,9,1,3
BRDA:154,10,0,3
BRDA:154,10,1,0
BRDA:155,11,0,3
BRDA:155,11,1,3
BRDA:156,12,0,3
BRDA:156,12,1,3
BRDA:157,13,0,3
BRDA:157,13,1,3
BRDA:158,14,0,3
BRDA:158,14,1,3
BRDA:159,15,0,0
BRDA:159,15,1,3
BRDA:160,16,0,3
BRDA:160,16,1,3
BRDA:161,17,0,3
BRDA:161,17,1,3
BRDA:162,18,0,3
BRDA:162,18,1,3
BRDA:163,19,0,3
BRDA:163,19,1,3
BRDA:164,20,0,3
BRDA:164,20,1,3
BRDA:165,21,0,3
BRDA:165,21,1,3
BRDA:187,22,0,1
BRDA:187,22,1,1
BRF:48
BRH:41
end_of_record
TN:
SF:src/controllers/user.controller.js
FN:6,(anonymous_0)
FN:21,(anonymous_1)
FN:57,(anonymous_2)
FN:73,(anonymous_3)
FNF:4
FNH:4
FNDA:2,(anonymous_0)
FNDA:4,(anonymous_1)
FNDA:2,(anonymous_2)
FNDA:1,(anonymous_3)
DA:6,1
DA:7,2
DA:11,2
DA:12,1
DA:13,1
DA:16,1
DA:21,1
DA:22,4
DA:23,4
DA:24,1
DA:25,1
DA:27,3
DA:29,3
DA:30,0
DA:31,0
DA:34,3
DA:37,3
DA:38,3
DA:40,3
DA:42,2
DA:50,1
DA:51,1
DA:57,1
DA:58,2
DA:63,2
DA:64,1
DA:65,1
DA:68,1
DA:73,1
DA:74,1
DA:78,1
LF:31
LH:29
BRDA:11,0,0,1
BRDA:11,0,1,1
BRDA:23,1,0,1
BRDA:23,1,1,3
BRDA:29,2,0,0
BRDA:29,2,1,3
BRDA:37,3,0,3
BRDA:37,3,1,0
BRDA:38,4,0,2
BRDA:38,4,1,1
BRDA:63,5,0,1
BRDA:63,5,1,1
BRF:12
BRH:10
end_of_record
